2015-03-03 15:25:43.0921 INFO Start
2015-03-03 16:27:31.8670 INFO AddUser( CompanyID=123,ID=piggy, Name=piggy name, Password=1234,Email=piggy_liu@migosoft.com)...
2015-03-03 16:28:46.4204 INFO AddUser( CompanyID=MIGO,ID=piggy, Name=piggy name, Password=1234,Email=piggy_liu@migosoft.com)...
2015-03-03 16:29:30.2498 INFO AddUser( CompanyID=MIGO,ID=piggy, Name=piggy name, Password=1234,Email=piggy_liu@migosoft.com)...
2015-03-03 16:30:30.6509 INFO AddUser( CompanyID=MIGO,ID=piggy, Name=piggy name, Password=1234,Email=piggy_liu@migosoft.com)...
2015-03-03 16:36:04.5182 INFO AddUser( CompanyID=MIGO,ID=piggy, Name=piggy name, Password=12345678,Email=piggy_liu@migosoft.com)...
2015-03-03 16:36:19.7328 INFO Success to add user !
2015-03-03 16:41:06.3514 INFO AddUser( CompanyID=MIGO,ID=piggy, Name=piggy name, Password=12345678,Email=piggy_liu@migosoft.com)...
2015-03-03 16:41:18.1606 ERROR Fail to add user ! user id is existed !
2015-03-03 16:45:26.6875 INFO AddUser( CompanyID=MIGO,ID=piggy, Name=piggy name, Password=12345678,Email=piggy_liu@migosoft.com)...
2015-03-03 16:50:18.0326 INFO AddUser( CompanyID=MIGO,ID=piggy, Name=piggy name, Password=12345678,Email=piggy_liu@migosoft.com)...
2015-03-03 16:50:38.0906 ERROR Fail to add user ! user id is existed !
2015-03-03 16:50:48.7827 INFO AddUser( CompanyID=MIGOx,ID=piggy, Name=piggy name, Password=12345678,Email=piggy_liu@migosoft.com)...
2015-03-03 16:51:38.6666 INFO AddUser( CompanyID=MIGO,ID=piggy, Name=piggy name, Password=12345678,Email=piggy_liu@migosoft.com)...
2015-03-03 17:00:44.1313 INFO AddUser( CompanyID=MIGO,ID=piggy2, Name=piggy name2, Password=12345678,Email=piggy_liu@migosoft.com)...
2015-03-03 17:45:21.7102 INFO AddUser( CompanyID=MIGO,ID=piggy2, Name=piggy name2, Password=12345678,Email=piggy_liu@migosoft.com)...
2015-03-03 17:45:29.7662 ERROR Fail to add user ! user id is existed !
2015-03-03 17:45:37.6252 INFO UpdateUser(No=2, Name=piggy name2 xxx, Password=1234xxxx,Email=piggy_liu@migosoft.com)...
2015-03-03 17:45:55.6192 INFO Success to update user ! 
2015-03-03 17:45:56.8052 INFO RemoveUser(No=2)...
2015-03-03 17:45:59.2462 INFO Success to update user ! 
